---------------------------------------------------------------
[ 2019-08-04T14:51:31+08:00 ] 127.0.0.1 GET www.api.com/rpc/ThinkPHPRPC/public/
[运行时间：0.028834s] [吞吐率：34.68req/s] [内存消耗：1,161.64kb] [文件加载：25]
[ info ] [ LANG ] F:\www\class\sz16\swoole\rpc\ThinkPHPRPC\thinkphp\lang\zh-cn.php
[ info ] [ ROUTE ] array (
  'type' => 'module',
  'module' => 
  array (
    0 => '',
    1 => NULL,
    2 => NULL,
  ),
)
[ info ] [ HEADER ] array (
  'host' => 'www.api.com',
  'connection' => 'keep-alive',
  'pragma' => 'no-cache',
  'cache-control' => 'no-cache',
  'upgrade-insecure-requests' => '1',
  'user-agent' => 'Mozilla/5.0 (Windows NT 10.0; WOW64) AppleWebKit/537.36 (KHTML, like Gecko) Chrome/69.0.3497.100 Safari/537.36',
  'accept' => 'text/html,application/xhtml+xml,application/xml;q=0.9,image/webp,image/apng,*/*;q=0.8',
  'referer' => 'http://www.api.com/rpc/ThinkPHPRPC/',
  'accept-encoding' => 'gzip, deflate',
  'accept-language' => 'zh-CN,zh;q=0.9,en;q=0.8',
)
[ info ] [ PARAM ] array (
)
[ info ] [ RUN ] app\index\controller\Index->index[ F:\www\class\sz16\swoole\rpc\ThinkPHPRPC\application\index\controller\Index.php ]
[ info ] [ LOG ] INIT File
---------------------------------------------------------------
[ 2019-08-04T14:52:24+08:00 ] 127.0.0.1 GET www.api.com/rpc/ThinkPHPRPC/public/
[运行时间：0.026782s] [吞吐率：37.34req/s] [内存消耗：1,159.66kb] [文件加载：25]
[ info ] [ LANG ] F:\www\class\sz16\swoole\rpc\ThinkPHPRPC\thinkphp\lang\zh-cn.php
[ info ] [ ROUTE ] array (
  'type' => 'module',
  'module' => 
  array (
    0 => '',
    1 => NULL,
    2 => NULL,
  ),
)
[ info ] [ HEADER ] array (
  'host' => 'www.api.com',
  'connection' => 'keep-alive',
  'pragma' => 'no-cache',
  'cache-control' => 'no-cache',
  'upgrade-insecure-requests' => '1',
  'user-agent' => 'Mozilla/5.0 (Windows NT 10.0; WOW64) AppleWebKit/537.36 (KHTML, like Gecko) Chrome/69.0.3497.100 Safari/537.36',
  'accept' => 'text/html,application/xhtml+xml,application/xml;q=0.9,image/webp,image/apng,*/*;q=0.8',
  'referer' => 'http://www.api.com/rpc/ThinkPHPRPC/',
  'accept-encoding' => 'gzip, deflate',
  'accept-language' => 'zh-CN,zh;q=0.9,en;q=0.8',
)
[ info ] [ PARAM ] array (
)
[ info ] [ RUN ] app\index\controller\Index->index[ F:\www\class\sz16\swoole\rpc\ThinkPHPRPC\application\index\controller\Index.php ]
[ info ] [ LOG ] INIT File
